# JRE version: Java(TM) SE Runtime Environment (8.0_40-b27) (build 1.8.0_40-b27)
# Java VM: Java HotSpot(TM) 64-Bit Server VM (25.40-b25 mixed mode bsd-amd64 compressed oops)
Heap:
 PSYoungGen      total 1396736K, used 467461K [0x000000076ab00000, 0x00000007c0000000, 0x00000007c0000000)
  eden space 1395712K, 33% used [0x000000076ab00000,0x00000007873514b8,0x00000007bfe00000)
  from space 1024K, 18% used [0x00000007bff00000,0x00000007bff30000,0x00000007c0000000)
  to   space 1024K, 0% used [0x00000007bfe00000,0x00000007bfe00000,0x00000007bff00000)
 ParOldGen       total 2152448K, used 1741446K [0x00000006c0000000, 0x0000000743600000, 0x000000076ab00000)
  object space 2152448K, 80% used [0x00000006c0000000,0x000000072a4a1b78,0x0000000743600000)
 Metaspace       used 26386K, capacity 27550K, committed 27776K, reserved 1073152K
  class space    used 3414K, capacity 3690K, committed 3712K, reserved 1048576K
GC Heap History (10 events):
Event: 128.968 GC heap before
{Heap before GC invocations=179 (full 8):
 PSYoungGen      total 1396736K, used 1395904K [0x000000076ab00000, 0x00000007c0000000, 0x00000007c0000000)
  eden space 1395712K, 100% used [0x000000076ab00000,0x00000007bfe00000,0x00000007bfe00000)
  from space 1024K, 18% used [0x00000007bfe00000,0x00000007bfe30000,0x00000007bff00000)
  to   space 1024K, 0% used [0x00000007bff00000,0x00000007bff00000,0x00000007c0000000)
 ParOldGen       total 2152448K, used 1741294K [0x00000006c0000000, 0x0000000743600000, 0x000000076ab00000)
  object space 2152448K, 80% used [0x00000006c0000000,0x000000072a47b918,0x0000000743600000)
 Metaspace       used 26361K, capacity 27524K, committed 27776K, reserved 1073152K
  class space    used 3407K, capacity 3683K, committed 3712K, reserved 1048576K
Event: 128.972 GC heap after
Heap after GC invocations=179 (full 8):
 PSYoungGen      total 1396736K, used 224K [0x000000076ab00000, 0x00000007c0000000, 0x00000007c0000000)
  eden space 1395712K, 0% used [0x000000076ab00000,0x000000076ab00000,0x00000007bfe00000)
  from space 1024K, 21% used [0x00000007bff00000,0x00000007bff38000,0x00000007c0000000)
  to   space 1024K, 0% used [0x00000007bfe00000,0x00000007bfe00000,0x00000007bff00000)
 ParOldGen       total 2152448K, used 1741342K [0x00000006c0000000, 0x0000000743600000, 0x000000076ab00000)
  object space 2152448K, 80% used [0x00000006c0000000,0x000000072a487918,0x0000000743600000)
 Metaspace       used 26361K, capacity 27524K, committed 27776K, reserved 1073152K
  class space    used 3407K, capacity 3683K, committed 3712K, reserved 1048576K
}
Event: 129.352 GC heap before
{Heap before GC invocations=180 (full 8):
 PSYoungGen      total 1396736K, used 1395936K [0x000000076ab00000, 0x00000007c0000000, 0x00000007c0000000)
  eden space 1395712K, 100% used [0x000000076ab00000,0x00000007bfe00000,0x00000007bfe00000)
  from space 1024K, 21% used [0x00000007bff00000,0x00000007bff38000,0x00000007c0000000)
  to   space 1024K, 0% used [0x00000007bfe00000,0x00000007bfe00000,0x00000007bff00000)
 ParOldGen       total 2152448K, used 1741342K [0x00000006c0000000, 0x0000000743600000, 0x000000076ab00000)
  object space 2152448K, 80% used [0x00000006c0000000,0x000000072a487918,0x0000000743600000)
 Metaspace       used 26361K, capacity 27524K, committed 27776K, reserved 1073152K
  class space    used 3407K, capacity 3683K, committed 3712K, reserved 1048576K
Event: 129.356 GC heap after
Heap after GC invocations=180 (full 8):
 PSYoungGen      total 1396736K, used 160K [0x000000076ab00000, 0x00000007c0000000, 0x00000007c0000000)
  eden space 1395712K, 0% used [0x000000076ab00000,0x000000076ab00000,0x00000007bfe00000)
  from space 1024K, 15% used [0x00000007bfe00000,0x00000007bfe28000,0x00000007bff00000)
  to   space 1024K, 0% used [0x00000007bff00000,0x00000007bff00000,0x00000007c0000000)
 ParOldGen       total 2152448K, used 1741366K [0x00000006c0000000, 0x0000000743600000, 0x000000076ab00000)
  object space 2152448K, 80% used [0x00000006c0000000,0x000000072a48d918,0x0000000743600000)
 Metaspace       used 26361K, capacity 27524K, committed 27776K, reserved 1073152K
  class space    used 3407K, capacity 3683K, committed 3712K, reserved 1048576K
}
Event: 129.489 GC heap before
{Heap before GC invocations=181 (full 8):
 PSYoungGen      total 1396736K, used 1395872K [0x000000076ab00000, 0x00000007c0000000, 0x00000007c0000000)
  eden space 1395712K, 100% used [0x000000076ab00000,0x00000007bfe00000,0x00000007bfe00000)
  from space 1024K, 15% used [0x00000007bfe00000,0x00000007bfe28000,0x00000007bff00000)
  to   space 1024K, 0% used [0x00000007bff00000,0x00000007bff00000,0x00000007c0000000)
 ParOldGen       total 2152448K, used 1741366K [0x00000006c0000000, 0x0000000743600000, 0x000000076ab00000)
  object space 2152448K, 80% used [0x00000006c0000000,0x000000072a48d918,0x0000000743600000)
 Metaspace       used 26361K, capacity 27524K, committed 27776K, reserved 1073152K
  class space    used 3407K, capacity 3683K, committed 3712K, reserved 1048576K
Event: 129.494 GC heap after
Heap after GC invocations=181 (full 8):
 PSYoungGen      total 1396736K, used 256K [0x000000076ab00000, 0x00000007c0000000, 0x00000007c0000000)
  eden space 1395712K, 0% used [0x000000076ab00000,0x000000076ab00000,0x00000007bfe00000)
  from space 1024K, 25% used [0x00000007bff00000,0x00000007bff40000,0x00000007c0000000)
  to   space 1024K, 0% used [0x00000007bfe00000,0x00000007bfe00000,0x00000007bff00000)
 ParOldGen       total 2152448K, used 1741382K [0x00000006c0000000, 0x0000000743600000, 0x000000076ab00000)
  object space 2152448K, 80% used [0x00000006c0000000,0x000000072a491918,0x0000000743600000)
 Metaspace       used 26361K, capacity 27524K, committed 27776K, reserved 1073152K
  class space    used 3407K, capacity 3683K, committed 3712K, reserved 1048576K
}
Event: 129.817 GC heap before
{Heap before GC invocations=182 (full 8):
 PSYoungGen      total 1396736K, used 1395968K [0x000000076ab00000, 0x00000007c0000000, 0x00000007c0000000)
  eden space 1395712K, 100% used [0x000000076ab00000,0x00000007bfe00000,0x00000007bfe00000)
  from space 1024K, 25% used [0x00000007bff00000,0x00000007bff40000,0x00000007c0000000)
  to   space 1024K, 0% used [0x00000007bfe00000,0x00000007bfe00000,0x00000007bff00000)
 ParOldGen       total 2152448K, used 1741382K [0x00000006c0000000, 0x0000000743600000, 0x000000076ab00000)
  object space 2152448K, 80% used [0x00000006c0000000,0x000000072a491918,0x0000000743600000)
 Metaspace       used 26361K, capacity 27524K, committed 27776K, reserved 1073152K
  class space    used 3407K, capacity 3683K, committed 3712K, reserved 1048576K
Event: 129.821 GC heap after
Heap after GC invocations=182 (full 8):
 PSYoungGen      total 1396736K, used 224K [0x000000076ab00000, 0x00000007c0000000, 0x00000007c0000000)
  eden space 1395712K, 0% used [0x000000076ab00000,0x000000076ab00000,0x00000007bfe00000)
  from space 1024K, 21% used [0x00000007bfe00000,0x00000007bfe38000,0x00000007bff00000)
  to   space 1024K, 0% used [0x00000007bff00000,0x00000007bff00000,0x00000007c0000000)
 ParOldGen       total 2152448K, used 1741422K [0x00000006c0000000, 0x0000000743600000, 0x000000076ab00000)
  object space 2152448K, 80% used [0x00000006c0000000,0x000000072a49b918,0x0000000743600000)
 Metaspace       used 26361K, capacity 27524K, committed 27776K, reserved 1073152K
  class space    used 3407K, capacity 3683K, committed 3712K, reserved 1048576K
}
Event: 130.193 GC heap before
{Heap before GC invocations=183 (full 8):
 PSYoungGen      total 1396736K, used 1395936K [0x000000076ab00000, 0x00000007c0000000, 0x00000007c0000000)
  eden space 1395712K, 100% used [0x000000076ab00000,0x00000007bfe00000,0x00000007bfe00000)
  from space 1024K, 21% used [0x00000007bfe00000,0x00000007bfe38000,0x00000007bff00000)
  to   space 1024K, 0% used [0x00000007bff00000,0x00000007bff00000,0x00000007c0000000)
 ParOldGen       total 2152448K, used 1741422K [0x00000006c0000000, 0x0000000743600000, 0x000000076ab00000)
  object space 2152448K, 80% used [0x00000006c0000000,0x000000072a49bb78,0x0000000743600000)
 Metaspace       used 26361K, capacity 27524K, committed 27776K, reserved 1073152K
  class space    used 3407K, capacity 3683K, committed 3712K, reserved 1048576K
Event: 130.197 GC heap after
Heap after GC invocations=183 (full 8):
 PSYoungGen      total 1396736K, used 192K [0x000000076ab00000, 0x00000007c0000000, 0x00000007c0000000)
  eden space 1395712K, 0% used [0x000000076ab00000,0x000000076ab00000,0x00000007bfe00000)
  from space 1024K, 18% used [0x00000007bff00000,0x00000007bff30000,0x00000007c0000000)
  to   space 1024K, 0% used [0x00000007bfe00000,0x00000007bfe00000,0x00000007bff00000)
 ParOldGen       total 2152448K, used 1741446K [0x00000006c0000000, 0x0000000743600000, 0x000000076ab00000)
  object space 2152448K, 80% used [0x00000006c0000000,0x000000072a4a1b78,0x0000000743600000)
 Metaspace       used 26361K, capacity 27524K, committed 27776K, reserved 1073152K
  class space    used 3407K, capacity 3683K, committed 3712K, reserved 1048576K
}

